<?xml version="1.0" encoding="UTF-8"?>
<testng-results skipped="0" failed="0" total="1" passed="1">
  <reporter-output>
  </reporter-output>
  <suite name="tsc.selenium.tsc.selenium.AppTest" duration-ms="80" started-at="2016-02-20T15:44:56Z" finished-at="2016-02-20T15:44:56Z">
    <groups>
    </groups>
    <test name="Command line test" duration-ms="80" started-at="2016-02-20T15:44:56Z" finished-at="2016-02-20T15:44:56Z">
      <class name="tsc.selenium.tsc.selenium.AppTest">
        <test-method status="PASS" signature="exampleOfTestNgMaven()[pri:0, instance:tsc.selenium.tsc.selenium.AppTest@818063]" name="exampleOfTestNgMaven" duration-ms="30" started-at="2016-02-20T22:44:56Z" finished-at="2016-02-20T22:44:56Z">
          <reporter-output>
          </reporter-output>
        </test-method> <!-- exampleOfTestNgMaven -->
      </class> <!-- tsc.selenium.tsc.selenium.AppTest -->
    </test> <!-- Command line test -->
  </suite> <!-- tsc.selenium.tsc.selenium.AppTest -->
</testng-results>
